2026-07-24 02:39:29,815 - ModelTrainingPipeline - INFO - 
STEP 1: Loading and Initial Data Cleaning
2026-07-24 02:39:29,815 - ModelTrainingPipeline - INFO - Loading Dataset
2026-07-24 02:39:30,393 - ModelTrainingPipeline - INFO - [LOG] Successfully loaded 4928 rows from /Users/arpit/Desktop/Costumer-Churn-Prediction/data/train_dataset.xlsx
2026-07-24 02:39:30,393 - ModelTrainingPipeline - INFO - Cleaning Dataset
2026-07-24 02:39:30,407 - ModelTrainingPipeline - INFO - Cleaning Dataset Complete. Shape of features (4928, 19) & Shape of target Variable 4928
2026-07-24 02:39:30,407 - ModelTrainingPipeline - INFO - [SUCCESS] Data loaded and cleaned successfully : ((4928, 19), (4928,))
2026-07-24 02:39:30,407 - ModelTrainingPipeline - INFO - 
STEP 2: Feature Engineering
2026-07-24 02:39:30,407 - ModelTrainingPipeline - INFO - Fit & Transform Started
2026-07-24 02:39:30,407 - ModelTrainingPipeline - INFO - Loaded Dataset Shape (4928, 19)
2026-07-24 02:39:30,408 - ModelTrainingPipeline - INFO - Columns of type number: ['SENIORCITIZEN', 'TENURE', 'MONTHLYCHARGES', 'TOTALCHARGES']
2026-07-24 02:39:30,409 - ModelTrainingPipeline - INFO - Columns of type object: ['GENDER', 'PARTNER', 'DEPENDENTS', 'PHONESERVICE', 'MULTIPLELINES', 'INTERNETSERVICE', 'ONLINESECURITY', 'ONLINEBACKUP', 'DEVICEPROTECTION', 'TECHSUPPORT', 'STREAMINGTV', 'STREAMINGMOVIES', 'CONTRACT', 'PAPERLESSBILLING', 'PAYMENTMETHOD']
2026-07-24 02:39:30,409 - ModelTrainingPipeline - INFO - Numerical cols: Index(['SENIORCITIZEN', 'TENURE', 'MONTHLYCHARGES', 'TOTALCHARGES'], dtype='str')
2026-07-24 02:39:30,409 - ModelTrainingPipeline - INFO - Categorical cols: Index(['GENDER', 'PARTNER', 'DEPENDENTS', 'PHONESERVICE', 'MULTIPLELINES',
       'INTERNETSERVICE', 'ONLINESECURITY', 'ONLINEBACKUP', 'DEVICEPROTECTION',
       'TECHSUPPORT', 'STREAMINGTV', 'STREAMINGMOVIES', 'CONTRACT',
       'PAPERLESSBILLING', 'PAYMENTMETHOD'],
      dtype='str')
2026-07-24 02:39:30,434 - ModelTrainingPipeline - INFO - Transformed dataframe : (4928, 30)
2026-07-24 02:39:30,434 - ModelTrainingPipeline - INFO - Feature Names ['NUM__SENIORCITIZEN', 'NUM__TENURE', 'NUM__MONTHLYCHARGES', 'NUM__TOTALCHARGES', 'CAT__GENDER_MALE', 'CAT__PARTNER_YES', 'CAT__DEPENDENTS_YES', 'CAT__PHONESERVICE_YES', 'CAT__MULTIPLELINES_NO_PHONE_SERVICE', 'CAT__MULTIPLELINES_YES', 'CAT__INTERNETSERVICE_FIBER_OPTIC', 'CAT__INTERNETSERVICE_NO', 'CAT__ONLINESECURITY_NO_INTERNET_SERVICE', 'CAT__ONLINESECURITY_YES', 'CAT__ONLINEBACKUP_NO_INTERNET_SERVICE', 'CAT__ONLINEBACKUP_YES', 'CAT__DEVICEPROTECTION_NO_INTERNET_SERVICE', 'CAT__DEVICEPROTECTION_YES', 'CAT__TECHSUPPORT_NO_INTERNET_SERVICE', 'CAT__TECHSUPPORT_YES', 'CAT__STREAMINGTV_NO_INTERNET_SERVICE', 'CAT__STREAMINGTV_YES', 'CAT__STREAMINGMOVIES_NO_INTERNET_SERVICE', 'CAT__STREAMINGMOVIES_YES', 'CAT__CONTRACT_ONE_YEAR', 'CAT__CONTRACT_TWO_YEAR', 'CAT__PAPERLESSBILLING_YES', 'CAT__PAYMENTMETHOD_CREDIT_CARD', 'CAT__PAYMENTMETHOD_ELECTRONIC_CHECK', 'CAT__PAYMENTMETHOD_MAILED_CHECK']
2026-07-24 02:39:30,434 - ModelTrainingPipeline - INFO - Shape of processed dataframe : (4928, 30)
2026-07-24 02:39:30,434 - ModelTrainingPipeline - INFO - Saving Preprocessor
2026-07-24 02:39:30,435 - ModelTrainingPipeline - INFO - [LOG] Preprocessor saved successfully at file_path: /Users/arpit/Desktop/Costumer-Churn-Prediction/models/preprocessor_20260724_013929.pkl
2026-07-24 02:39:30,435 - ModelTrainingPipeline - INFO - [SUCCESS] Preprocessor State saved successfully.
2026-07-24 02:39:30,435 - ModelTrainingPipeline - INFO - Running Hyperparameter tunning pipeline
2026-07-24 02:39:30,435 - ModelTrainingPipeline - INFO - Creating Objective Function
2026-07-24 02:39:30,435 - ModelTrainingPipeline - INFO - n_splits: 5
2026-07-24 02:39:30,435 - ModelTrainingPipeline - INFO - parameter_search_space: {'objective': CategoricalDistribution(choices=('binary:logistic',)), 'eval_metric': CategoricalDistribution(choices=('logloss',)), 'scale_pos_weight': CategoricalDistribution(choices=(1.7,)), 'learning_rate': FloatDistribution(high=0.3, log=True, low=0.01, step=None), 'max_depth': IntDistribution(high=10, log=False, low=4, step=1), 'min_child_weight': IntDistribution(high=8, log=False, low=3, step=1), 'subsample': FloatDistribution(high=1.0, log=False, low=0.7, step=None), 'colsample_bytree': FloatDistribution(high=1.0, log=False, low=0.7, step=None), 'reg_alpha': FloatDistribution(high=3.0, log=True, low=1e-08, step=None), 'reg_lambda': FloatDistribution(high=3.0, log=True, low=1.0, step=None)}
2026-07-24 02:39:30,435 - ModelTrainingPipeline - INFO - scoring_func: <lambda>
2026-07-24 02:39:30,435 - ModelTrainingPipeline - INFO - Creating study in optuna
2026-07-24 02:39:30,435 - optuna.storages._in_memory - INFO - A new study created in memory with name: no-name-ec302136-8d5e-4b7f-9b30-4143b18dc7fe
2026-07-24 02:39:30,435 - ModelTrainingPipeline - INFO - Extracting Best Hyperparameters
2026-07-24 02:39:31,282 - optuna.study.study - INFO - Trial 0 finished with value: 0.7427637058143036 and parameters: {'objective': 'binary:logistic', 'eval_metric': 'logloss', 'scale_pos_weight': 1.7, 'learning_rate': 0.06480950374832266, 'max_depth': 6, 'min_child_weight': 6, 'subsample': 0.7061266810258564, 'colsample_bytree': 0.8622246414046212, 'reg_alpha': 0.024250072330692908, 'reg_lambda': 1.82893984063839}. Best is trial 0 with value: 0.7427637058143036.
2026-07-24 02:39:31,847 - optuna.study.study - INFO - Trial 1 finished with value: 0.7452831795728588 and parameters: {'objective': 'binary:logistic', 'eval_metric': 'logloss', 'scale_pos_weight': 1.7, 'learning_rate': 0.2593004252441067, 'max_depth': 7, 'min_child_weight': 8, 'subsample': 0.7033485239520256, 'colsample_bytree': 0.9303299889379316, 'reg_alpha': 7.536435176722856e-05, 'reg_lambda': 1.1145391266087326}. Best is trial 1 with value: 0.7452831795728588.
2026-07-24 02:39:32,848 - optuna.study.study - INFO - Trial 2 finished with value: 0.7447554586200719 and parameters: {'objective': 'binary:logistic', 'eval_metric': 'logloss', 'scale_pos_weight': 1.7, 'learning_rate': 0.0762750695488922, 'max_depth': 8, 'min_child_weight': 7, 'subsample': 0.737102183734935, 'colsample_bytree': 0.898364538945804, 'reg_alpha': 0.00021454266403032684, 'reg_lambda': 1.360421253887327}. Best is trial 1 with value: 0.7452831795728588.
2026-07-24 02:39:34,518 - optuna.study.study - INFO - Trial 3 finished with value: 0.7466483599787626 and parameters: {'objective': 'binary:logistic', 'eval_metric': 'logloss', 'scale_pos_weight': 1.7, 'learning_rate': 0.02831156329992225, 'max_depth': 7, 'min_child_weight': 6, 'subsample': 0.7185559094879934, 'colsample_bytree': 0.9618662763466042, 'reg_alpha': 7.195669857000655e-08, 'reg_lambda': 2.258150620616852}. Best is trial 3 with value: 0.7466483599787626.
2026-07-24 02:39:37,748 - optuna.study.study - INFO - Trial 4 finished with value: 0.7426808164427294 and parameters: {'objective': 'binary:logistic', 'eval_metric': 'logloss', 'scale_pos_weight': 1.7, 'learning_rate': 0.015094105469651684, 'max_depth': 9, 'min_child_weight': 5, 'subsample': 0.7810271341884532, 'colsample_bytree': 0.8909165615265805, 'reg_alpha': 3.2745795980422893e-07, 'reg_lambda': 2.653292875144306}. Best is trial 3 with value: 0.7466483599787626.
2026-07-24 02:39:39,378 - optuna.study.study - INFO - Trial 5 finished with value: 0.7460858378793456 and parameters: {'objective': 'binary:logistic', 'eval_metric': 'logloss', 'scale_pos_weight': 1.7, 'learning_rate': 0.025528131441941104, 'max_depth': 5, 'min_child_weight': 5, 'subsample': 0.7496494389342191, 'colsample_bytree': 0.9139430175657556, 'reg_alpha': 0.00013129626770559485, 'reg_lambda': 1.9181657162978063}. Best is trial 3 with value: 0.7466483599787626.
2026-07-24 02:39:41,076 - optuna.study.study - INFO - Trial 6 finished with value: 0.7422278413899338 and parameters: {'objective': 'binary:logistic', 'eval_metric': 'logloss', 'scale_pos_weight': 1.7, 'learning_rate': 0.0282202456785325, 'max_depth': 7, 'min_child_weight': 4, 'subsample': 0.9707903736241292, 'colsample_bytree': 0.9267618074187866, 'reg_alpha': 0.0037066172311987443, 'reg_lambda': 2.627416293898321}. Best is trial 3 with value: 0.7466483599787626.
2026-07-24 02:39:43,375 - optuna.study.study - INFO - Trial 7 finished with value: 0.7445925403127971 and parameters: {'objective': 'binary:logistic', 'eval_metric': 'logloss', 'scale_pos_weight': 1.7, 'learning_rate': 0.02314441159033126, 'max_depth': 8, 'min_child_weight': 5, 'subsample': 0.7705960583541154, 'colsample_bytree': 0.9054111409817363, 'reg_alpha': 0.028625925670917096, 'reg_lambda': 2.226294038704864}. Best is trial 3 with value: 0.7466483599787626.
2026-07-24 02:39:44,686 - optuna.study.study - INFO - Trial 8 finished with value: 0.7426364432842198 and parameters: {'objective': 'binary:logistic', 'eval_metric': 'logloss', 'scale_pos_weight': 1.7, 'learning_rate': 0.05144529957441394, 'max_depth': 8, 'min_child_weight': 8, 'subsample': 0.9057143881530512, 'colsample_bytree': 0.7312021550225433, 'reg_alpha': 0.001005237546919401, 'reg_lambda': 2.344375071755711}. Best is trial 3 with value: 0.7466483599787626.
2026-07-24 02:39:45,504 - optuna.study.study - INFO - Trial 9 finished with value: 0.7467869580048581 and parameters: {'objective': 'binary:logistic', 'eval_metric': 'logloss', 'scale_pos_weight': 1.7, 'learning_rate': 0.07923349077112464, 'max_depth': 6, 'min_child_weight': 8, 'subsample': 0.8131973458038054, 'colsample_bytree': 0.8886424549432028, 'reg_alpha': 0.0987145618626155, 'reg_lambda': 1.3237278146316263}. Best is trial 9 with value: 0.7467869580048581.
2026-07-24 02:39:45,912 - optuna.study.study - INFO - Trial 10 finished with value: 0.7452650489480204 and parameters: {'objective': 'binary:logistic', 'eval_metric': 'logloss', 'scale_pos_weight': 1.7, 'learning_rate': 0.2726026247705079, 'max_depth': 4, 'min_child_weight': 3, 'subsample': 0.8297310509278871, 'colsample_bytree': 0.7847200998337543, 'reg_alpha': 1.284822218997982, 'reg_lambda': 1.3927281686207102}. Best is trial 9 with value: 0.7467869580048581.
2026-07-24 02:39:46,576 - optuna.study.study - INFO - Trial 11 finished with value: 0.7453680491207956 and parameters: {'objective': 'binary:logistic', 'eval_metric': 'logloss', 'scale_pos_weight': 1.7, 'learning_rate': 0.11620194815820152, 'max_depth': 6, 'min_child_weight': 7, 'subsample': 0.8385184546168009, 'colsample_bytree': 0.9849538978131294, 'reg_alpha': 7.977431341699781e-08, 'reg_lambda': 1.048393040939014}. Best is trial 9 with value: 0.7467869580048581.
2026-07-24 02:39:49,872 - optuna.study.study - INFO - Trial 12 finished with value: 0.7416768105732409 and parameters: {'objective': 'binary:logistic', 'eval_metric': 'logloss', 'scale_pos_weight': 1.7, 'learning_rate': 0.01092804046363883, 'max_depth': 10, 'min_child_weight': 7, 'subsample': 0.8269135196932613, 'colsample_bytree': 0.9986882127564115, 'reg_alpha': 1.8108313738417014e-06, 'reg_lambda': 1.5422265713326146}. Best is trial 9 with value: 0.7467869580048581.
2026-07-24 02:39:50,600 - optuna.study.study - INFO - Trial 13 finished with value: 0.7414013965581681 and parameters: {'objective': 'binary:logistic', 'eval_metric': 'logloss', 'scale_pos_weight': 1.7, 'learning_rate': 0.14377338883413487, 'max_depth': 6, 'min_child_weight': 6, 'subsample': 0.874788208591973, 'colsample_bytree': 0.8368078130294362, 'reg_alpha': 1.1204075680377924e-08, 'reg_lambda': 1.6626090856174438}. Best is trial 9 with value: 0.7467869580048581.
2026-07-24 02:39:51,730 - optuna.study.study - INFO - Trial 14 finished with value: 0.7472843914642373 and parameters: {'objective': 'binary:logistic', 'eval_metric': 'logloss', 'scale_pos_weight': 1.7, 'learning_rate': 0.045142407150579385, 'max_depth': 4, 'min_child_weight': 8, 'subsample': 0.9353286359764608, 'colsample_bytree': 0.8155435178437681, 'reg_alpha': 1.7691364122860045, 'reg_lambda': 1.2677431208219339}. Best is trial 14 with value: 0.7472843914642373.
2026-07-24 02:39:52,833 - optuna.study.study - INFO - Trial 15 finished with value: 0.7495430586249808 and parameters: {'objective': 'binary:logistic', 'eval_metric': 'logloss', 'scale_pos_weight': 1.7, 'learning_rate': 0.04421713465368363, 'max_depth': 4, 'min_child_weight': 8, 'subsample': 0.9803322710419345, 'colsample_bytree': 0.8020828045471105, 'reg_alpha': 2.868423734680449, 'reg_lambda': 1.2578096059411186}. Best is trial 15 with value: 0.7495430586249808.
2026-07-24 02:39:53,931 - optuna.study.study - INFO - Trial 16 finished with value: 0.7468216442492512 and parameters: {'objective': 'binary:logistic', 'eval_metric': 'logloss', 'scale_pos_weight': 1.7, 'learning_rate': 0.042465851718508536, 'max_depth': 4, 'min_child_weight': 8, 'subsample': 0.9952496528963768, 'colsample_bytree': 0.7992318183302545, 'reg_alpha': 2.8971054472242277, 'reg_lambda': 1.1688767583314317}. Best is trial 15 with value: 0.7495430586249808.
2026-07-24 02:39:55,139 - optuna.study.study - INFO - Trial 17 finished with value: 0.7469800764920691 and parameters: {'objective': 'binary:logistic', 'eval_metric': 'logloss', 'scale_pos_weight': 1.7, 'learning_rate': 0.040124117610121295, 'max_depth': 4, 'min_child_weight': 7, 'subsample': 0.9300480410619216, 'colsample_bytree': 0.7111640640470216, 'reg_alpha': 0.314809796926694, 'reg_lambda': 1.22626177979055}. Best is trial 15 with value: 0.7495430586249808.
2026-07-24 02:39:55,801 - optuna.study.study - INFO - Trial 18 finished with value: 0.7435482749097675 and parameters: {'objective': 'binary:logistic', 'eval_metric': 'logloss', 'scale_pos_weight': 1.7, 'learning_rate': 0.13331644468581658, 'max_depth': 5, 'min_child_weight': 8, 'subsample': 0.9460379425021239, 'colsample_bytree': 0.7729747821375944, 'reg_alpha': 0.391229716945193, 'reg_lambda': 1.0184519827239338}. Best is trial 15 with value: 0.7495430586249808.
2026-07-24 02:39:57,628 - optuna.study.study - INFO - Trial 19 finished with value: 0.7442178460482705 and parameters: {'objective': 'binary:logistic', 'eval_metric': 'logloss', 'scale_pos_weight': 1.7, 'learning_rate': 0.01653177186626691, 'max_depth': 5, 'min_child_weight': 7, 'subsample': 0.9996176818018823, 'colsample_bytree': 0.826038758284344, 'reg_alpha': 0.010968724545703456, 'reg_lambda': 1.4795368747458457}. Best is trial 15 with value: 0.7495430586249808.
2026-07-24 02:39:57,628 - ModelTrainingPipeline - INFO - Best Hyperparamters : {'objective': 'binary:logistic', 'eval_metric': 'logloss', 'scale_pos_weight': 1.7, 'learning_rate': 0.04421713465368363, 'max_depth': 4, 'min_child_weight': 8, 'subsample': 0.9803322710419345, 'colsample_bytree': 0.8020828045471105, 'reg_alpha': 2.868423734680449, 'reg_lambda': 1.2578096059411186}
2026-07-24 02:39:57,628 - ModelTrainingPipeline - INFO - Ideal n_estimators: 151
2026-07-24 02:39:57,628 - ModelTrainingPipeline - INFO - Best Hyperparameters saved to /Users/arpit/Desktop/Costumer-Churn-Prediction/models/hyperparameters_20260724_013957.json
2026-07-24 02:39:57,628 - ModelTrainingPipeline - INFO - 
Step 3: Starting model training
2026-07-24 02:39:57,762 - ModelTrainingPipeline - INFO - ML training pipeline completed!
